Fri Oct 29 2021 03:08:32 GMT+0200 (Central European Summer Time)	Server start		Application running on port 8080
Fri Oct 29 2021 03:11:11 GMT+0200 (Central European Summer Time)	Server start		Application running on port 8080
Fri Oct 29 2021 03:12:29 GMT+0200 (Central European Summer Time)	Server start		Application running on port 8080
Fri Oct 29 2021 03:14:05 GMT+0200 (Central European Summer Time)	Server start		Application running on port 8080
Fri Oct 29 2021 03:15:40 GMT+0200 (Central European Summer Time)	Server start		Application running on port 8080
Fri Oct 29 2021 03:15:53 GMT+0200 (Central European Summer Time)	Server start		Application running on port 8080
Fri Oct 29 2021 03:16:57 GMT+0200 (Central European Summer Time)	Server start		Application running on port 8080
Fri Oct 29 2021 03:42:32 GMT+0200 (Central European Summer Time)	Server start		Application running on port 8080
Fri Oct 29 2021 03:51:39 GMT+0200 (Central European Summer Time)	Server start		Application running on port 8080
Fri Oct 29 2021 04:15:27 GMT+0200 (Central European Summer Time)	Server start		Application running on port 8080
Fri Oct 29 2021 04:21:25 GMT+0200 (Central European Summer Time)	Server start		Application running on port 8080
Fri Oct 29 2021 22:36:08 GMT+0200 (Central European Summer Time)	Server start		Application running on port 8080
Fri Oct 29 2021 22:38:45 GMT+0200 (Central European Summer Time)	Server start		Application running on port 8080
Fri Oct 29 2021 22:42:56 GMT+0200 (Central European Summer Time)	Server start		Application running on port 8080
Fri Oct 29 2021 22:45:16 GMT+0200 (Central European Summer Time)	Server start		Application running on port 8080
Fri Oct 29 2021 22:49:25 GMT+0200 (Central European Summer Time)	Server start		Application running on port 8080
Fri Oct 29 2021 22:54:15 GMT+0200 (Central European Summer Time)	Server start		Application running on port 8080
Fri Oct 29 2021 22:55:23 GMT+0200 (Central European Summer Time)	Server start		Application running on port 8080
Fri Oct 29 2021 22:58:20 GMT+0200 (Central European Summer Time)	Server start		Application running on port 8080
Fri Oct 29 2021 23:01:47 GMT+0200 (Central European Summer Time)	Server start		Application running on port 8080
Fri Oct 29 2021 23:20:34 GMT+0200 (Central European Summer Time)	Server start		Application running on port 8080
Fri Oct 29 2021 23:22:55 GMT+0200 (Central European Summer Time)	Server start		Application running on port 8080
Fri Oct 29 2021 23:25:58 GMT+0200 (Central European Summer Time)	Server start		Application running on port 8080
Fri Oct 29 2021 23:26:29 GMT+0200 (Central European Summer Time)	Server start		Application running on port 8080
Fri Oct 29 2021 23:28:23 GMT+0200 (Central European Summer Time)	Server start		Application running on port 8080
Fri Oct 29 2021 23:31:12 GMT+0200 (Central European Summer Time)	Server start		Application running on port 8080
Fri Oct 29 2021 23:32:46 GMT+0200 (Central European Summer Time)	Server start		Application running on port 8080
Fri Oct 29 2021 23:36:14 GMT+0200 (Central European Summer Time)	Server start		Application running on port 8080
Fri Oct 29 2021 23:38:16 GMT+0200 (Central European Summer Time)	Server start		Application running on port 8080
Fri Oct 29 2021 23:39:43 GMT+0200 (Central European Summer Time)	Server start		Application running on port 8080
Fri Oct 29 2021 23:42:47 GMT+0200 (Central European Summer Time)	Server start		Application running on port 8080
Fri Oct 29 2021 23:46:24 GMT+0200 (Central European Summer Time)	Server start		Application running on port 8080
Fri Oct 29 2021 23:48:29 GMT+0200 (Central European Summer Time)	Server start		Application running on port 8080
Fri Oct 29 2021 23:54:01 GMT+0200 (Central European Summer Time)	Server start		Application running on port 8080
Fri Oct 29 2021 23:55:51 GMT+0200 (Central European Summer Time)	Server start		Application running on port 8080
Fri Oct 29 2021 23:59:29 GMT+0200 (Central European Summer Time)	Server start		Application running on port 8080
Sat Oct 30 2021 00:00:36 GMT+0200 (Central European Summer Time)	Server start		Application running on port 8080
Sat Oct 30 2021 00:02:22 GMT+0200 (Central European Summer Time)	Server start		Application running on port 8080
Sat Oct 30 2021 00:03:42 GMT+0200 (Central European Summer Time)	Server start		Application running on port 8080
Sat Oct 30 2021 00:07:01 GMT+0200 (Central European Summer Time)	Server start		Application running on port 8080
Sat Oct 30 2021 01:13:35 GMT+0200 (Central European Summer Time)	Server start		Application running on port 8080
Tue Nov 02 2021 01:15:22 GMT+0100 (Central European Standard Time)	Server start		Application running on port 8080
Fri Nov 05 2021 16:36:15 GMT+0100 (Central European Standard Time)	Server start		Application running on port 8080
Fri Nov 05 2021 17:00:04 GMT+0100 (Central European Standard Time)	Server start		Application running on port 8080
Fri Nov 05 2021 17:04:37 GMT+0100 (Central European Standard Time)	Server start		Application running on port 8080
Fri Nov 05 2021 17:05:03 GMT+0100 (Central European Standard Time)	Server start		Application running on port 8080
Fri Nov 05 2021 17:06:51 GMT+0100 (Central European Standard Time)	Server start		Application running on port 8080
Fri Nov 05 2021 17:07:33 GMT+0100 (Central European Standard Time)	Server start		Application running on port 8080
Fri Nov 05 2021 17:09:09 GMT+0100 (Central European Standard Time)	Server start		Application running on port 8080
Fri Nov 05 2021 17:09:40 GMT+0100 (Central European Standard Time)	Server start		Application running on port 8080
Fri Nov 05 2021 17:14:12 GMT+0100 (Central European Standard Time)	Server start		Application running on port 8080
Fri Nov 05 2021 17:18:22 GMT+0100 (Central European Standard Time)	Server start		Application running on port 8080
Fri Nov 05 2021 17:23:38 GMT+0100 (Central European Standard Time)	Server start		Application running on port 8080
Fri Nov 05 2021 17:26:05 GMT+0100 (Central European Standard Time)	Server start		Application running on port 8080
Fri Nov 05 2021 17:26:58 GMT+0100 (Central European Standard Time)	Server start		Application running on port 8080
Fri Nov 05 2021 17:30:04 GMT+0100 (Central European Standard Time)	Server start		Application running on port 8080
Sat Nov 06 2021 00:05:32 GMT+0100 (Central European Standard Time)	Server start		Application running on port 8080
Tue Nov 09 2021 03:40:09 GMT+0100 (Central European Standard Time)	Server start		Application running on port 8080
Mon Nov 29 2021 10:23:49 GMT+0100 (Central European Standard Time)	Server start		Application running on port 8080
Thu Dec 09 2021 18:19:49 GMT+0100 (Central European Standard Time)	Server start		Application running on port 8080
Mon Dec 13 2021 21:48:04 GMT+0100 (Central European Standard Time)	Server start		Application running on port 8080
Mon Dec 13 2021 21:48:05 GMT+0100 (Central European Standard Time)	rendering home		{"path":"/home/pi/src/mcsw/public/template/layout/default.ejs"}
Mon Dec 13 2021 21:48:39 GMT+0100 (Central European Standard Time)	rendering home		{"path":"/home/pi/src/mcsw/public/template/layout/default.ejs"}
Mon Dec 13 2021 21:48:41 GMT+0100 (Central European Standard Time)	rendering home		{"path":"/home/pi/src/mcsw/public/template/layout/default.ejs"}
Mon Dec 13 2021 21:48:42 GMT+0100 (Central European Standard Time)	rendering home		{"path":"/home/pi/src/mcsw/public/template/layout/default.ejs"}
Mon Dec 13 2021 21:48:51 GMT+0100 (Central European Standard Time)	rendering home		{"path":"/home/pi/src/mcsw/public/template/layout/default.ejs"}
Mon Dec 13 2021 21:48:52 GMT+0100 (Central European Standard Time)	rendering home		{"path":"/home/pi/src/mcsw/public/template/layout/default.ejs"}
Mon Dec 13 2021 21:48:54 GMT+0100 (Central European Standard Time)	rendering home		{"path":"/home/pi/src/mcsw/public/template/layout/default.ejs"}
Mon Dec 13 2021 21:48:57 GMT+0100 (Central European Standard Time)	rendering home		{"path":"/home/pi/src/mcsw/public/template/layout/default.ejs"}
Mon Dec 13 2021 21:48:58 GMT+0100 (Central European Standard Time)	rendering home		{"path":"/home/pi/src/mcsw/public/template/layout/default.ejs"}
Mon Dec 13 2021 21:49:04 GMT+0100 (Central European Standard Time)	rendering home		{"path":"/home/pi/src/mcsw/public/template/layout/default.ejs"}
Mon Dec 13 2021 21:49:06 GMT+0100 (Central European Standard Time)	rendering home		{"path":"/home/pi/src/mcsw/public/template/layout/default.ejs"}
Mon Dec 13 2021 21:49:07 GMT+0100 (Central European Standard Time)	rendering home		{"path":"/home/pi/src/mcsw/public/template/layout/default.ejs"}
Fri Dec 24 2021 19:24:01 GMT+0100 (Central European Standard Time)	Server start		Application running on port 8080
Thu Jan 06 2022 02:06:21 GMT+0100 (Central European Standard Time)	Server start		Application running on port 8080
Thu Jan 06 2022 02:06:21 GMT+0100 (Central European Standard Time)	rendering home		{"path":"/home/pi/src/mcsw/public/template/layout/default.ejs"}
Thu Jan 06 2022 02:06:23 GMT+0100 (Central European Standard Time)	rendering home		{"path":"/home/pi/src/mcsw/public/template/layout/default.ejs"}
Thu Jan 06 2022 02:06:24 GMT+0100 (Central European Standard Time)	rendering home		{"path":"/home/pi/src/mcsw/public/template/layout/default.ejs"}
Thu Jan 06 2022 02:06:30 GMT+0100 (Central European Standard Time)	rendering home		{"path":"/home/pi/src/mcsw/public/template/layout/default.ejs"}
Thu Jan 06 2022 02:06:35 GMT+0100 (Central European Standard Time)	rendering home		{"path":"/home/pi/src/mcsw/public/template/layout/default.ejs"}
Wed Jan 19 2022 12:31:28 GMT+0100 (Central European Standard Time)	Server start		Application running on port 8080
Thu Feb 24 2022 11:25:13 GMT+0100 (Central European Standard Time)	Server start		Application running on port 8080
Tue Mar 01 2022 16:14:12 GMT+0100 (Central European Standard Time)	Server start		Application running on port 8080
Tue Mar 01 2022 22:18:45 GMT+0100 (Central European Standard Time)	Server start		Application running on port 3002
Thu Mar 03 2022 00:47:22 GMT+0100 (Central European Standard Time)	Server start		Application running on port 3002
Thu Mar 03 2022 00:47:23 GMT+0100 (Central European Standard Time)	rendering home		{"path":"/home/pi/src/mcsw/public/template/layout/default.ejs"}
Thu Mar 03 2022 00:47:25 GMT+0100 (Central European Standard Time)	rendering home		{"path":"/home/pi/src/mcsw/public/template/layout/default.ejs"}
Thu Mar 03 2022 00:47:26 GMT+0100 (Central European Standard Time)	rendering home		{"path":"/home/pi/src/mcsw/public/template/layout/default.ejs"}
Thu Mar 03 2022 00:47:28 GMT+0100 (Central European Standard Time)	rendering home		{"path":"/home/pi/src/mcsw/public/template/layout/default.ejs"}
Thu Mar 03 2022 14:44:51 GMT+0100 (Central European Standard Time)	Server start		Application running on port 3002
Thu Mar 03 2022 14:44:52 GMT+0100 (Central European Standard Time)	rendering home		{"path":"/home/pi/src/mcsw/public/template/layout/default.ejs"}
Thu Mar 03 2022 14:44:54 GMT+0100 (Central European Standard Time)	rendering home		{"path":"/home/pi/src/mcsw/public/template/layout/default.ejs"}
Thu Mar 03 2022 15:22:27 GMT+0100 (Central European Standard Time)	rendering home		{"path":"/home/pi/src/mcsw/public/template/layout/default.ejs"}
Thu Mar 03 2022 16:44:05 GMT+0100 (Central European Standard Time)	rendering home		{"path":"/home/pi/src/mcsw/public/template/layout/default.ejs"}
Thu Mar 03 2022 16:44:06 GMT+0100 (Central European Standard Time)	rendering home		{"path":"/home/pi/src/mcsw/public/template/layout/default.ejs"}
Thu Mar 03 2022 16:44:08 GMT+0100 (Central European Standard Time)	rendering home		{"path":"/home/pi/src/mcsw/public/template/layout/default.ejs"}
Thu Mar 03 2022 17:49:26 GMT+0100 (Central European Standard Time)	rendering home		{"path":"/home/pi/src/mcsw/public/template/layout/default.ejs"}
Thu Mar 03 2022 17:49:26 GMT+0100 (Central European Standard Time)	rendering home		{"path":"/home/pi/src/mcsw/public/template/layout/default.ejs"}
Thu Mar 03 2022 17:49:27 GMT+0100 (Central European Standard Time)	rendering home		{"path":"/home/pi/src/mcsw/public/template/layout/default.ejs"}
Thu Mar 03 2022 17:49:27 GMT+0100 (Central European Standard Time)	rendering home		{"path":"/home/pi/src/mcsw/public/template/layout/default.ejs"}
Thu Mar 03 2022 19:57:51 GMT+0100 (Central European Standard Time)	rendering home		{"path":"/home/pi/src/mcsw/public/template/layout/default.ejs"}
Fri Mar 04 2022 06:40:49 GMT+0100 (Central European Standard Time)	rendering home		{"path":"/home/pi/src/mcsw/public/template/layout/default.ejs"}
Fri Mar 04 2022 10:19:39 GMT+0100 (Central European Standard Time)	rendering home		{"path":"/home/pi/src/mcsw/public/template/layout/default.ejs"}
Sat Mar 05 2022 00:56:43 GMT+0100 (Central European Standard Time)	rendering home		{"path":"/home/pi/src/mcsw/public/template/layout/default.ejs"}
Sat Mar 05 2022 13:15:18 GMT+0100 (Central European Standard Time)	rendering home		{"path":"/home/pi/src/mcsw/public/template/layout/default.ejs"}
Sat Mar 05 2022 13:15:20 GMT+0100 (Central European Standard Time)	rendering home		{"path":"/home/pi/src/mcsw/public/template/layout/default.ejs"}
Sat Mar 05 2022 13:15:21 GMT+0100 (Central European Standard Time)	rendering home		{"path":"/home/pi/src/mcsw/public/template/layout/default.ejs"}
Mon Mar 07 2022 22:18:58 GMT+0100 (Central European Standard Time)	rendering home		{"path":"/home/pi/src/mcsw/public/template/layout/default.ejs"}
Tue Mar 08 2022 13:26:54 GMT+0100 (Central European Standard Time)	rendering home		{"path":"/home/pi/src/mcsw/public/template/layout/default.ejs"}
Tue Mar 08 2022 15:28:03 GMT+0100 (Central European Standard Time)	rendering home		{"path":"/home/pi/src/mcsw/public/template/layout/default.ejs"}
Tue Mar 08 2022 15:31:04 GMT+0100 (Central European Standard Time)	rendering home		{"path":"/home/pi/src/mcsw/public/template/layout/default.ejs"}
Tue Mar 08 2022 17:32:08 GMT+0100 (Central European Standard Time)	rendering home		{"path":"/home/pi/src/mcsw/public/template/layout/default.ejs"}
Tue Mar 08 2022 18:30:51 GMT+0100 (Central European Standard Time)	rendering home		{"path":"/home/pi/src/mcsw/public/template/layout/default.ejs"}
Wed Mar 09 2022 03:57:53 GMT+0100 (Central European Standard Time)	rendering home		{"path":"/home/pi/src/mcsw/public/template/layout/default.ejs"}
Wed Mar 09 2022 03:57:54 GMT+0100 (Central European Standard Time)	rendering home		{"path":"/home/pi/src/mcsw/public/template/layout/default.ejs"}
Wed Mar 09 2022 03:57:56 GMT+0100 (Central European Standard Time)	rendering home		{"path":"/home/pi/src/mcsw/public/template/layout/default.ejs"}
Thu Mar 10 2022 03:53:44 GMT+0100 (Central European Standard Time)	rendering home		{"path":"/home/pi/src/mcsw/public/template/layout/default.ejs"}
Thu Mar 10 2022 03:53:44 GMT+0100 (Central European Standard Time)	rendering home		{"path":"/home/pi/src/mcsw/public/template/layout/default.ejs"}
Thu Mar 10 2022 04:59:45 GMT+0100 (Central European Standard Time)	rendering home		{"path":"/home/pi/src/mcsw/public/template/layout/default.ejs"}
Thu Mar 10 2022 22:18:42 GMT+0100 (Central European Standard Time)	rendering home		{"path":"/home/pi/src/mcsw/public/template/layout/default.ejs"}
Thu Mar 10 2022 22:18:44 GMT+0100 (Central European Standard Time)	rendering home		{"path":"/home/pi/src/mcsw/public/template/layout/default.ejs"}
Thu Mar 10 2022 22:18:45 GMT+0100 (Central European Standard Time)	rendering home		{"path":"/home/pi/src/mcsw/public/template/layout/default.ejs"}
Fri Mar 11 2022 02:40:58 GMT+0100 (Central European Standard Time)	rendering home		{"path":"/home/pi/src/mcsw/public/template/layout/default.ejs"}
Fri Mar 11 2022 04:51:04 GMT+0100 (Central European Standard Time)	rendering home		{"path":"/home/pi/src/mcsw/public/template/layout/default.ejs"}
Fri Mar 11 2022 06:53:18 GMT+0100 (Central European Standard Time)	rendering home		{"path":"/home/pi/src/mcsw/public/template/layout/default.ejs"}
Fri Mar 11 2022 23:29:36 GMT+0100 (Central European Standard Time)	rendering home		{"path":"/home/pi/src/mcsw/public/template/layout/default.ejs"}
Fri Mar 11 2022 23:29:38 GMT+0100 (Central European Standard Time)	rendering home		{"path":"/home/pi/src/mcsw/public/template/layout/default.ejs"}
Fri Mar 11 2022 23:29:39 GMT+0100 (Central European Standard Time)	rendering home		{"path":"/home/pi/src/mcsw/public/template/layout/default.ejs"}
Sat Mar 12 2022 15:09:06 GMT+0100 (Central European Standard Time)	rendering home		{"path":"/home/pi/src/mcsw/public/template/layout/default.ejs"}
Tue Mar 22 2022 19:52:45 GMT+0100 (Central European Standard Time)	Server start		Application running on port 3002
Thu Apr 21 2022 21:46:35 GMT+0200 (Central European Summer Time)	Server start		Application running on port 3002
Wed Apr 27 2022 20:20:48 GMT+0200 (Central European Summer Time)	Server start		Application running on port 3002
Wed Apr 27 2022 20:20:59 GMT+0200 (Central European Summer Time)	rendering home		{"path":"/home/pi/src/mcsw/public/template/layout/default.ejs"}
Wed Apr 27 2022 20:21:02 GMT+0200 (Central European Summer Time)	rendering home		{"path":"/home/pi/src/mcsw/public/template/layout/default.ejs"}
Wed Apr 27 2022 20:21:11 GMT+0200 (Central European Summer Time)	rendering home		{"path":"/home/pi/src/mcsw/public/template/layout/default.ejs"}
Mon May 30 2022 23:19:26 GMT+0200 (Central European Summer Time)	Server start		Application running on port 3002
Mon May 30 2022 23:45:05 GMT+0200 (Central European Summer Time)	Server start		Application running on port 3002
Mon May 30 2022 23:55:58 GMT+0200 (Central European Summer Time)	Server start		Application running on port 3002
Mon May 30 2022 23:56:02 GMT+0200 (Central European Summer Time)	rendering home		{"path":"/home/pi/src/mcsw/public/template/layout/default.ejs"}
Mon May 30 2022 23:56:02 GMT+0200 (Central European Summer Time)	rendering home		{"path":"/home/pi/src/mcsw/public/template/layout/default.ejs"}
Mon May 30 2022 23:56:02 GMT+0200 (Central European Summer Time)	rendering home		{"path":"/home/pi/src/mcsw/public/template/layout/default.ejs"}
Mon May 30 2022 23:56:04 GMT+0200 (Central European Summer Time)	rendering home		{"path":"/home/pi/src/mcsw/public/template/layout/default.ejs"}
Mon May 30 2022 23:56:04 GMT+0200 (Central European Summer Time)	rendering home		{"path":"/home/pi/src/mcsw/public/template/layout/default.ejs"}
Mon May 30 2022 23:56:10 GMT+0200 (Central European Summer Time)	rendering home		{"path":"/home/pi/src/mcsw/public/template/layout/default.ejs"}
Mon May 30 2022 23:56:10 GMT+0200 (Central European Summer Time)	rendering home		{"path":"/home/pi/src/mcsw/public/template/layout/default.ejs"}
Mon May 30 2022 23:56:11 GMT+0200 (Central European Summer Time)	rendering home		{"path":"/home/pi/src/mcsw/public/template/layout/default.ejs"}
Mon May 30 2022 23:56:11 GMT+0200 (Central European Summer Time)	rendering home		{"path":"/home/pi/src/mcsw/public/template/layout/default.ejs"}
Mon May 30 2022 23:56:19 GMT+0200 (Central European Summer Time)	rendering home		{"path":"/home/pi/src/mcsw/public/template/layout/default.ejs"}
Mon May 30 2022 23:56:19 GMT+0200 (Central European Summer Time)	rendering home		{"path":"/home/pi/src/mcsw/public/template/layout/default.ejs"}
Mon May 30 2022 23:56:30 GMT+0200 (Central European Summer Time)	rendering home		{"path":"/home/pi/src/mcsw/public/template/layout/default.ejs"}
Mon May 30 2022 23:56:30 GMT+0200 (Central European Summer Time)	rendering home		{"path":"/home/pi/src/mcsw/public/template/layout/default.ejs"}
Mon May 30 2022 23:56:32 GMT+0200 (Central European Summer Time)	rendering home		{"path":"/home/pi/src/mcsw/public/template/layout/default.ejs"}
Mon May 30 2022 23:56:32 GMT+0200 (Central European Summer Time)	rendering home		{"path":"/home/pi/src/mcsw/public/template/layout/default.ejs"}
Tue May 31 2022 00:16:13 GMT+0200 (Central European Summer Time)	Server start		Application running on port 3002
Tue May 31 2022 00:21:58 GMT+0200 (Central European Summer Time)	Server start		Application running on port 3002
Tue May 31 2022 00:26:09 GMT+0200 (Central European Summer Time)	Server start		Application running on port 3002
Tue May 31 2022 00:27:42 GMT+0200 (Central European Summer Time)	Server start		Application running on port 3002
Tue May 31 2022 00:28:05 GMT+0200 (Central European Summer Time)	Server start		Application running on port 3002
Tue May 31 2022 00:30:35 GMT+0200 (Central European Summer Time)	Server start		Application running on port 3002
Tue May 31 2022 00:31:13 GMT+0200 (Central European Summer Time)	Server start		Application running on port 3002
Tue May 31 2022 00:31:46 GMT+0200 (Central European Summer Time)	Server start		Application running on port 3002
Tue May 31 2022 00:35:03 GMT+0200 (Central European Summer Time)	Server start		Application running on port 3002
Tue May 31 2022 00:42:27 GMT+0200 (Central European Summer Time)	Server start		Application running on port 3002
Tue May 31 2022 00:45:14 GMT+0200 (Central European Summer Time)	Server start		Application running on port 3002
Tue May 31 2022 00:56:46 GMT+0200 (Central European Summer Time)	Server start		Application running on port 3002
Tue May 31 2022 01:15:26 GMT+0200 (Central European Summer Time)	Server start		Application running on port 3002
Tue May 31 2022 01:19:40 GMT+0200 (Central European Summer Time)	Server start		Application running on port 3002
Tue May 31 2022 01:29:17 GMT+0200 (Central European Summer Time)	Server start		Application running on port 3002
Tue May 31 2022 01:42:29 GMT+0200 (Central European Summer Time)	Server start		Application running on port 3002
Tue May 31 2022 01:42:37 GMT+0200 (Central European Summer Time)	Server start		Application running on port 3002
Tue May 31 2022 01:44:17 GMT+0200 (Central European Summer Time)	Server start		Application running on port 3002
Tue May 31 2022 01:44:56 GMT+0200 (Central European Summer Time)	Server start		Application running on port 3002
Wed Jun 01 2022 18:57:16 GMT+0200 (Central European Summer Time)	Server start		Application running on port 3002
Wed Jun 01 2022 19:52:06 GMT+0200 (Central European Summer Time)	Server start		Application running on port 3002
Wed Jun 01 2022 19:56:35 GMT+0200 (Central European Summer Time)	Server start		Application running on port 3002
Wed Jun 01 2022 19:56:37 GMT+0200 (Central European Summer Time)	rendering home		{"path":"/home/pi/src/mcsw/public/template/layout/default.ejs"}
Wed Jun 01 2022 19:56:39 GMT+0200 (Central European Summer Time)	rendering home		{"path":"/home/pi/src/mcsw/public/template/layout/default.ejs"}
Wed Jun 01 2022 19:57:12 GMT+0200 (Central European Summer Time)	rendering home		{"path":"/home/pi/src/mcsw/public/template/layout/default.ejs"}
Wed Jun 01 2022 19:58:38 GMT+0200 (Central European Summer Time)	rendering home		{"path":"/home/pi/src/mcsw/public/template/layout/default.ejs"}
Wed Jun 01 2022 20:01:54 GMT+0200 (Central European Summer Time)	Server start		Application running on port 3002
Wed Jun 01 2022 20:01:55 GMT+0200 (Central European Summer Time)	rendering home		{"path":"/home/pi/src/mcsw/public/template/layout/default.ejs"}
Wed Jun 01 2022 20:01:57 GMT+0200 (Central European Summer Time)	rendering home		{"path":"/home/pi/src/mcsw/public/template/layout/default.ejs"}
Wed Jun 01 2022 20:03:21 GMT+0200 (Central European Summer Time)	rendering home		{"path":"/home/pi/src/mcsw/public/template/layout/default.ejs"}
Wed Jun 01 2022 20:03:22 GMT+0200 (Central European Summer Time)	rendering home		{"path":"/home/pi/src/mcsw/public/template/layout/default.ejs"}
Wed Jun 01 2022 20:03:28 GMT+0200 (Central European Summer Time)	Server start		Application running on port 3002
Wed Jun 01 2022 20:03:29 GMT+0200 (Central European Summer Time)	rendering home		{"path":"/home/pi/src/mcsw/public/template/layout/default.ejs"}
Wed Jun 01 2022 20:03:30 GMT+0200 (Central European Summer Time)	rendering home		{"path":"/home/pi/src/mcsw/public/template/layout/default.ejs"}
Wed Jun 01 2022 20:03:44 GMT+0200 (Central European Summer Time)	rendering home		{"path":"/home/pi/src/mcsw/public/template/layout/default.ejs"}
Wed Jun 01 2022 20:03:45 GMT+0200 (Central European Summer Time)	rendering home		{"path":"/home/pi/src/mcsw/public/template/layout/default.ejs"}
Wed Jun 01 2022 20:03:45 GMT+0200 (Central European Summer Time)	rendering home		{"path":"/home/pi/src/mcsw/public/template/layout/default.ejs"}
Wed Jun 01 2022 20:03:46 GMT+0200 (Central European Summer Time)	rendering home		{"path":"/home/pi/src/mcsw/public/template/layout/default.ejs"}
Wed Jun 01 2022 20:03:46 GMT+0200 (Central European Summer Time)	rendering home		{"path":"/home/pi/src/mcsw/public/template/layout/default.ejs"}
Wed Jun 01 2022 20:03:46 GMT+0200 (Central European Summer Time)	rendering home		{"path":"/home/pi/src/mcsw/public/template/layout/default.ejs"}
Wed Jun 01 2022 20:06:59 GMT+0200 (Central European Summer Time)	rendering home		{"path":"/home/pi/src/mcsw/public/template/layout/default.ejs"}
Wed Jun 01 2022 20:07:13 GMT+0200 (Central European Summer Time)	rendering home		{"path":"/home/pi/src/mcsw/public/template/layout/default.ejs"}
Wed Jun 01 2022 20:07:34 GMT+0200 (Central European Summer Time)	rendering home		{"path":"/home/pi/src/mcsw/public/template/layout/default.ejs"}
Wed Jun 01 2022 20:07:34 GMT+0200 (Central European Summer Time)	rendering home		{"path":"/home/pi/src/mcsw/public/template/layout/default.ejs"}
Wed Jun 01 2022 20:07:35 GMT+0200 (Central European Summer Time)	rendering home		{"path":"/home/pi/src/mcsw/public/template/layout/default.ejs"}
Wed Jun 01 2022 20:07:35 GMT+0200 (Central European Summer Time)	rendering home		{"path":"/home/pi/src/mcsw/public/template/layout/default.ejs"}
Wed Jun 01 2022 20:07:35 GMT+0200 (Central European Summer Time)	rendering home		{"path":"/home/pi/src/mcsw/public/template/layout/default.ejs"}
Wed Jun 01 2022 20:07:35 GMT+0200 (Central European Summer Time)	rendering home		{"path":"/home/pi/src/mcsw/public/template/layout/default.ejs"}
Wed Jun 01 2022 20:07:51 GMT+0200 (Central European Summer Time)	rendering home		{"path":"/home/pi/src/mcsw/public/template/layout/default.ejs"}
Wed Jun 01 2022 20:07:52 GMT+0200 (Central European Summer Time)	rendering home		{"path":"/home/pi/src/mcsw/public/template/layout/default.ejs"}
Wed Jun 01 2022 20:07:52 GMT+0200 (Central European Summer Time)	rendering home		{"path":"/home/pi/src/mcsw/public/template/layout/default.ejs"}
Wed Jun 01 2022 20:07:52 GMT+0200 (Central European Summer Time)	rendering home		{"path":"/home/pi/src/mcsw/public/template/layout/default.ejs"}
Wed Jun 01 2022 20:08:02 GMT+0200 (Central European Summer Time)	rendering home		{"path":"/home/pi/src/mcsw/public/template/layout/default.ejs"}
Wed Jun 01 2022 20:08:02 GMT+0200 (Central European Summer Time)	rendering home		{"path":"/home/pi/src/mcsw/public/template/layout/default.ejs"}
Wed Jun 01 2022 20:08:03 GMT+0200 (Central European Summer Time)	rendering home		{"path":"/home/pi/src/mcsw/public/template/layout/default.ejs"}
Wed Jun 01 2022 20:08:03 GMT+0200 (Central European Summer Time)	rendering home		{"path":"/home/pi/src/mcsw/public/template/layout/default.ejs"}
Wed Jun 01 2022 20:08:03 GMT+0200 (Central European Summer Time)	rendering home		{"path":"/home/pi/src/mcsw/public/template/layout/default.ejs"}
Wed Jun 01 2022 20:08:09 GMT+0200 (Central European Summer Time)	rendering home		{"path":"/home/pi/src/mcsw/public/template/layout/default.ejs"}
Wed Jun 01 2022 20:08:09 GMT+0200 (Central European Summer Time)	rendering home		{"path":"/home/pi/src/mcsw/public/template/layout/default.ejs"}
Wed Jun 01 2022 20:08:10 GMT+0200 (Central European Summer Time)	rendering home		{"path":"/home/pi/src/mcsw/public/template/layout/default.ejs"}
Wed Jun 01 2022 20:08:10 GMT+0200 (Central European Summer Time)	rendering home		{"path":"/home/pi/src/mcsw/public/template/layout/default.ejs"}
Wed Jun 01 2022 20:08:10 GMT+0200 (Central European Summer Time)	rendering home		{"path":"/home/pi/src/mcsw/public/template/layout/default.ejs"}
Wed Jun 01 2022 20:08:10 GMT+0200 (Central European Summer Time)	rendering home		{"path":"/home/pi/src/mcsw/public/template/layout/default.ejs"}
Wed Jun 01 2022 20:08:18 GMT+0200 (Central European Summer Time)	rendering home		{"path":"/home/pi/src/mcsw/public/template/layout/default.ejs"}
Wed Jun 01 2022 20:08:53 GMT+0200 (Central European Summer Time)	rendering home		{"path":"/home/pi/src/mcsw/public/template/layout/default.ejs"}
Wed Jun 01 2022 20:09:04 GMT+0200 (Central European Summer Time)	rendering home		{"path":"/home/pi/src/mcsw/public/template/layout/default.ejs"}
Wed Jun 01 2022 20:09:04 GMT+0200 (Central European Summer Time)	rendering home		{"path":"/home/pi/src/mcsw/public/template/layout/default.ejs"}
Wed Jun 01 2022 20:09:04 GMT+0200 (Central European Summer Time)	rendering home		{"path":"/home/pi/src/mcsw/public/template/layout/default.ejs"}
Wed Jun 01 2022 20:09:05 GMT+0200 (Central European Summer Time)	rendering home		{"path":"/home/pi/src/mcsw/public/template/layout/default.ejs"}
Wed Jun 01 2022 20:09:05 GMT+0200 (Central European Summer Time)	rendering home		{"path":"/home/pi/src/mcsw/public/template/layout/default.ejs"}
Wed Jun 01 2022 20:09:05 GMT+0200 (Central European Summer Time)	rendering home		{"path":"/home/pi/src/mcsw/public/template/layout/default.ejs"}
Wed Jun 01 2022 20:09:05 GMT+0200 (Central European Summer Time)	rendering home		{"path":"/home/pi/src/mcsw/public/template/layout/default.ejs"}
Wed Jun 01 2022 20:09:05 GMT+0200 (Central European Summer Time)	rendering home		{"path":"/home/pi/src/mcsw/public/template/layout/default.ejs"}
Wed Jun 01 2022 20:09:05 GMT+0200 (Central European Summer Time)	rendering home		{"path":"/home/pi/src/mcsw/public/template/layout/default.ejs"}
Wed Jun 01 2022 20:09:05 GMT+0200 (Central European Summer Time)	rendering home		{"path":"/home/pi/src/mcsw/public/template/layout/default.ejs"}
Wed Jun 01 2022 20:09:06 GMT+0200 (Central European Summer Time)	rendering home		{"path":"/home/pi/src/mcsw/public/template/layout/default.ejs"}
Wed Jun 01 2022 20:09:06 GMT+0200 (Central European Summer Time)	rendering home		{"path":"/home/pi/src/mcsw/public/template/layout/default.ejs"}
Wed Jun 01 2022 20:09:06 GMT+0200 (Central European Summer Time)	rendering home		{"path":"/home/pi/src/mcsw/public/template/layout/default.ejs"}
Wed Jun 01 2022 20:09:35 GMT+0200 (Central European Summer Time)	rendering home		{"path":"/home/pi/src/mcsw/public/template/layout/default.ejs"}
Wed Jun 01 2022 20:09:36 GMT+0200 (Central European Summer Time)	rendering home		{"path":"/home/pi/src/mcsw/public/template/layout/default.ejs"}
Wed Jun 01 2022 20:09:36 GMT+0200 (Central European Summer Time)	rendering home		{"path":"/home/pi/src/mcsw/public/template/layout/default.ejs"}
Wed Jun 01 2022 20:09:36 GMT+0200 (Central European Summer Time)	rendering home		{"path":"/home/pi/src/mcsw/public/template/layout/default.ejs"}
Wed Jun 01 2022 20:09:36 GMT+0200 (Central European Summer Time)	rendering home		{"path":"/home/pi/src/mcsw/public/template/layout/default.ejs"}
Wed Jun 01 2022 20:09:36 GMT+0200 (Central European Summer Time)	rendering home		{"path":"/home/pi/src/mcsw/public/template/layout/default.ejs"}
Wed Jun 01 2022 20:09:37 GMT+0200 (Central European Summer Time)	rendering home		{"path":"/home/pi/src/mcsw/public/template/layout/default.ejs"}
Wed Jun 01 2022 20:10:02 GMT+0200 (Central European Summer Time)	rendering home		{"path":"/home/pi/src/mcsw/public/template/layout/default.ejs"}
Wed Jun 01 2022 20:10:02 GMT+0200 (Central European Summer Time)	rendering home		{"path":"/home/pi/src/mcsw/public/template/layout/default.ejs"}
Wed Jun 01 2022 20:10:03 GMT+0200 (Central European Summer Time)	rendering home		{"path":"/home/pi/src/mcsw/public/template/layout/default.ejs"}
Wed Jun 01 2022 20:10:04 GMT+0200 (Central European Summer Time)	rendering home		{"path":"/home/pi/src/mcsw/public/template/layout/default.ejs"}
Wed Jun 01 2022 20:19:52 GMT+0200 (Central European Summer Time)	rendering home		{"path":"/home/pi/src/mcsw/public/template/layout/default.ejs"}
Wed Jun 01 2022 20:19:54 GMT+0200 (Central European Summer Time)	rendering home		{"path":"/home/pi/src/mcsw/public/template/layout/default.ejs"}
Wed Jun 01 2022 20:20:07 GMT+0200 (Central European Summer Time)	rendering home		{"path":"/home/pi/src/mcsw/public/template/layout/default.ejs"}
Wed Jun 01 2022 20:25:00 GMT+0200 (Central European Summer Time)	rendering home		{"path":"/home/pi/src/mcsw/public/template/layout/default.ejs"}
Wed Jun 01 2022 20:27:01 GMT+0200 (Central European Summer Time)	rendering home		{"path":"/home/pi/src/mcsw/public/template/layout/default.ejs"}
Wed Jun 01 2022 20:32:15 GMT+0200 (Central European Summer Time)	rendering home		{"path":"/home/pi/src/mcsw/public/template/layout/default.ejs"}
Wed Jun 01 2022 20:32:16 GMT+0200 (Central European Summer Time)	rendering home		{"path":"/home/pi/src/mcsw/public/template/layout/default.ejs"}
Wed Jun 01 2022 20:32:39 GMT+0200 (Central European Summer Time)	rendering home		{"path":"/home/pi/src/mcsw/public/template/layout/default.ejs"}
Wed Jun 01 2022 20:33:05 GMT+0200 (Central European Summer Time)	rendering home		{"path":"/home/pi/src/mcsw/public/template/layout/default.ejs"}
Wed Jun 01 2022 20:33:06 GMT+0200 (Central European Summer Time)	rendering home		{"path":"/home/pi/src/mcsw/public/template/layout/default.ejs"}
Wed Jun 01 2022 20:33:07 GMT+0200 (Central European Summer Time)	rendering home		{"path":"/home/pi/src/mcsw/public/template/layout/default.ejs"}
Wed Jun 01 2022 20:34:06 GMT+0200 (Central European Summer Time)	rendering home		{"path":"/home/pi/src/mcsw/public/template/layout/default.ejs"}
Wed Jun 01 2022 20:34:47 GMT+0200 (Central European Summer Time)	rendering home		{"path":"/home/pi/src/mcsw/public/template/layout/default.ejs"}
Wed Jun 01 2022 20:34:48 GMT+0200 (Central European Summer Time)	rendering home		{"path":"/home/pi/src/mcsw/public/template/layout/default.ejs"}
Wed Jun 01 2022 20:34:48 GMT+0200 (Central European Summer Time)	rendering home		{"path":"/home/pi/src/mcsw/public/template/layout/default.ejs"}
Wed Jun 01 2022 20:34:48 GMT+0200 (Central European Summer Time)	rendering home		{"path":"/home/pi/src/mcsw/public/template/layout/default.ejs"}
Wed Jun 01 2022 20:34:49 GMT+0200 (Central European Summer Time)	rendering home		{"path":"/home/pi/src/mcsw/public/template/layout/default.ejs"}
Wed Jun 01 2022 20:34:49 GMT+0200 (Central European Summer Time)	rendering home		{"path":"/home/pi/src/mcsw/public/template/layout/default.ejs"}
Wed Jun 01 2022 20:34:49 GMT+0200 (Central European Summer Time)	rendering home		{"path":"/home/pi/src/mcsw/public/template/layout/default.ejs"}
Wed Jun 01 2022 20:34:49 GMT+0200 (Central European Summer Time)	rendering home		{"path":"/home/pi/src/mcsw/public/template/layout/default.ejs"}
Wed Jun 01 2022 20:34:57 GMT+0200 (Central European Summer Time)	rendering home		{"path":"/home/pi/src/mcsw/public/template/layout/default.ejs"}
Wed Jun 01 2022 20:34:58 GMT+0200 (Central European Summer Time)	rendering home		{"path":"/home/pi/src/mcsw/public/template/layout/default.ejs"}
Wed Jun 01 2022 20:34:58 GMT+0200 (Central European Summer Time)	rendering home		{"path":"/home/pi/src/mcsw/public/template/layout/default.ejs"}
Wed Jun 01 2022 20:34:58 GMT+0200 (Central European Summer Time)	rendering home		{"path":"/home/pi/src/mcsw/public/template/layout/default.ejs"}
Wed Jun 01 2022 20:34:58 GMT+0200 (Central European Summer Time)	rendering home		{"path":"/home/pi/src/mcsw/public/template/layout/default.ejs"}
Wed Jun 01 2022 20:34:58 GMT+0200 (Central European Summer Time)	rendering home		{"path":"/home/pi/src/mcsw/public/template/layout/default.ejs"}
Wed Jun 01 2022 20:34:59 GMT+0200 (Central European Summer Time)	rendering home		{"path":"/home/pi/src/mcsw/public/template/layout/default.ejs"}
Wed Jun 01 2022 20:34:59 GMT+0200 (Central European Summer Time)	rendering home		{"path":"/home/pi/src/mcsw/public/template/layout/default.ejs"}
Wed Jun 01 2022 20:34:59 GMT+0200 (Central European Summer Time)	rendering home		{"path":"/home/pi/src/mcsw/public/template/layout/default.ejs"}
Wed Jun 01 2022 20:34:59 GMT+0200 (Central European Summer Time)	rendering home		{"path":"/home/pi/src/mcsw/public/template/layout/default.ejs"}
Wed Jun 01 2022 20:34:59 GMT+0200 (Central European Summer Time)	rendering home		{"path":"/home/pi/src/mcsw/public/template/layout/default.ejs"}
Wed Jun 01 2022 20:36:25 GMT+0200 (Central European Summer Time)	rendering home		{"path":"/home/pi/src/mcsw/public/template/layout/default.ejs"}
Wed Jun 01 2022 20:37:37 GMT+0200 (Central European Summer Time)	rendering home		{"path":"/home/pi/src/mcsw/public/template/layout/default.ejs"}
Wed Jun 01 2022 20:37:58 GMT+0200 (Central European Summer Time)	rendering home		{"path":"/home/pi/src/mcsw/public/template/layout/default.ejs"}
Wed Jun 01 2022 20:37:58 GMT+0200 (Central European Summer Time)	rendering home		{"path":"/home/pi/src/mcsw/public/template/layout/default.ejs"}
Wed Jun 01 2022 20:37:58 GMT+0200 (Central European Summer Time)	rendering home		{"path":"/home/pi/src/mcsw/public/template/layout/default.ejs"}
Wed Jun 01 2022 20:37:59 GMT+0200 (Central European Summer Time)	rendering home		{"path":"/home/pi/src/mcsw/public/template/layout/default.ejs"}
Wed Jun 01 2022 20:37:59 GMT+0200 (Central European Summer Time)	rendering home		{"path":"/home/pi/src/mcsw/public/template/layout/default.ejs"}
Wed Jun 01 2022 20:37:59 GMT+0200 (Central European Summer Time)	rendering home		{"path":"/home/pi/src/mcsw/public/template/layout/default.ejs"}
Wed Jun 01 2022 20:37:59 GMT+0200 (Central European Summer Time)	rendering home		{"path":"/home/pi/src/mcsw/public/template/layout/default.ejs"}
Wed Jun 01 2022 20:37:59 GMT+0200 (Central European Summer Time)	rendering home		{"path":"/home/pi/src/mcsw/public/template/layout/default.ejs"}
Wed Jun 01 2022 20:37:59 GMT+0200 (Central European Summer Time)	rendering home		{"path":"/home/pi/src/mcsw/public/template/layout/default.ejs"}
Wed Jun 01 2022 20:38:00 GMT+0200 (Central European Summer Time)	rendering home		{"path":"/home/pi/src/mcsw/public/template/layout/default.ejs"}
Wed Jun 01 2022 20:38:00 GMT+0200 (Central European Summer Time)	rendering home		{"path":"/home/pi/src/mcsw/public/template/layout/default.ejs"}
Wed Jun 01 2022 20:38:00 GMT+0200 (Central European Summer Time)	rendering home		{"path":"/home/pi/src/mcsw/public/template/layout/default.ejs"}
Wed Jun 01 2022 20:38:00 GMT+0200 (Central European Summer Time)	rendering home		{"path":"/home/pi/src/mcsw/public/template/layout/default.ejs"}
Wed Jun 01 2022 20:38:00 GMT+0200 (Central European Summer Time)	rendering home		{"path":"/home/pi/src/mcsw/public/template/layout/default.ejs"}
Wed Jun 01 2022 20:38:00 GMT+0200 (Central European Summer Time)	rendering home		{"path":"/home/pi/src/mcsw/public/template/layout/default.ejs"}
Wed Jun 01 2022 20:38:03 GMT+0200 (Central European Summer Time)	rendering home		{"path":"/home/pi/src/mcsw/public/template/layout/default.ejs"}
Wed Jun 01 2022 20:38:04 GMT+0200 (Central European Summer Time)	rendering home		{"path":"/home/pi/src/mcsw/public/template/layout/default.ejs"}
Wed Jun 01 2022 20:38:04 GMT+0200 (Central European Summer Time)	rendering home		{"path":"/home/pi/src/mcsw/public/template/layout/default.ejs"}
Wed Jun 01 2022 20:38:04 GMT+0200 (Central European Summer Time)	rendering home		{"path":"/home/pi/src/mcsw/public/template/layout/default.ejs"}
Wed Jun 01 2022 20:38:04 GMT+0200 (Central European Summer Time)	rendering home		{"path":"/home/pi/src/mcsw/public/template/layout/default.ejs"}
Wed Jun 01 2022 20:38:06 GMT+0200 (Central European Summer Time)	rendering home		{"path":"/home/pi/src/mcsw/public/template/layout/default.ejs"}
Wed Jun 01 2022 20:38:06 GMT+0200 (Central European Summer Time)	rendering home		{"path":"/home/pi/src/mcsw/public/template/layout/default.ejs"}
Wed Jun 01 2022 20:38:06 GMT+0200 (Central European Summer Time)	rendering home		{"path":"/home/pi/src/mcsw/public/template/layout/default.ejs"}
Wed Jun 01 2022 20:38:06 GMT+0200 (Central European Summer Time)	rendering home		{"path":"/home/pi/src/mcsw/public/template/layout/default.ejs"}
Wed Jun 01 2022 20:38:07 GMT+0200 (Central European Summer Time)	rendering home		{"path":"/home/pi/src/mcsw/public/template/layout/default.ejs"}
Wed Jun 01 2022 20:38:07 GMT+0200 (Central European Summer Time)	rendering home		{"path":"/home/pi/src/mcsw/public/template/layout/default.ejs"}
Wed Jun 01 2022 20:38:07 GMT+0200 (Central European Summer Time)	rendering home		{"path":"/home/pi/src/mcsw/public/template/layout/default.ejs"}
Wed Jun 01 2022 20:38:07 GMT+0200 (Central European Summer Time)	rendering home		{"path":"/home/pi/src/mcsw/public/template/layout/default.ejs"}
Wed Jun 01 2022 20:38:07 GMT+0200 (Central European Summer Time)	rendering home		{"path":"/home/pi/src/mcsw/public/template/layout/default.ejs"}
Wed Jun 01 2022 20:56:10 GMT+0200 (Central European Summer Time)	Server start		Application running on port 3002
Wed Jun 01 2022 20:57:47 GMT+0200 (Central European Summer Time)	Server start		Application running on port 3002
Wed Jun 01 2022 20:58:49 GMT+0200 (Central European Summer Time)	Server start		Application running on port 3002
Wed Jun 01 2022 21:05:41 GMT+0200 (Central European Summer Time)	Server start		Application running on port 3002
Wed Jun 01 2022 21:05:57 GMT+0200 (Central European Summer Time)	System				null
Wed Jun 01 2022 21:05:57 GMT+0200 (Central European Summer Time)	System				[{"sid":"sK45JvcZTSb8r4nwk-JG9Wnn5-w7ClpY","username":"hatrez","cookie":{"originalMaxAge":86400000,"expires":"2022-06-02T18:53:03.597Z","secure":true,"httpOnly":true,"path":"/","sameSite":"strict"},"create_date":1654109583600},{"sid":"G_7-Pj03rKdH2apIDOXbvH7uEDEuErvP","username":"hatrez","cookie":{"originalMaxAge":86400000,"expires":"2022-06-02T18:54:07.834Z","secure":true,"httpOnly":true,"path":"/","sameSite":"strict"},"create_date":1654109647837}]
Wed Jun 01 2022 21:08:56 GMT+0200 (Central European Summer Time)	Server start		Application running on port 3002
Wed Jun 01 2022 21:09:52 GMT+0200 (Central European Summer Time)	Server start		Application running on port 3002
Wed Jun 01 2022 21:10:14 GMT+0200 (Central European Summer Time)	System				null
Wed Jun 01 2022 21:10:14 GMT+0200 (Central European Summer Time)	System				[{"sid":"sK45JvcZTSb8r4nwk-JG9Wnn5-w7ClpY","username":"hatrez","cookie":{"originalMaxAge":86400000,"expires":"2022-06-02T18:53:03.597Z","secure":true,"httpOnly":true,"path":"/","sameSite":"strict"},"create_date":1654109583600}]
Wed Jun 01 2022 22:02:19 GMT+0200 (Central European Summer Time)	Server start		Application running on port 3002
Wed Jun 01 2022 22:08:56 GMT+0200 (Central European Summer Time)	Server start		Application running on port 3002
Wed Jun 01 2022 22:09:40 GMT+0200 (Central European Summer Time)	rendering home		{"path":"/home/pi/src/mcsw/public/template/layout/default.ejs"}
Wed Jun 01 2022 22:09:49 GMT+0200 (Central European Summer Time)	Server start		Application running on port 3002
Wed Jun 01 2022 22:09:50 GMT+0200 (Central European Summer Time)	rendering home		{"path":"/home/pi/src/mcsw/public/template/layout/default.ejs"}
Wed Jun 01 2022 22:09:52 GMT+0200 (Central European Summer Time)	rendering home		{"path":"/home/pi/src/mcsw/public/template/layout/default.ejs"}
Wed Jun 01 2022 22:12:39 GMT+0200 (Central European Summer Time)	rendering home		{"path":"/home/pi/src/mcsw/public/template/layout/default.ejs"}
Wed Jun 01 2022 22:20:37 GMT+0200 (Central European Summer Time)	rendering home		{"path":"/home/pi/src/mcsw/public/template/layout/default.ejs"}
Wed Jun 01 2022 22:25:02 GMT+0200 (Central European Summer Time)	rendering home		{"path":"/home/pi/src/mcsw/public/template/layout/default.ejs"}
Wed Jun 01 2022 22:26:41 GMT+0200 (Central European Summer Time)	rendering home		{"path":"/home/pi/src/mcsw/public/template/layout/default.ejs"}
Wed Jun 01 2022 22:27:10 GMT+0200 (Central European Summer Time)	rendering home		{"path":"/home/pi/src/mcsw/public/template/layout/default.ejs"}
Wed Jun 01 2022 22:27:11 GMT+0200 (Central European Summer Time)	rendering home		{"path":"/home/pi/src/mcsw/public/template/layout/default.ejs"}
Wed Jun 01 2022 22:27:11 GMT+0200 (Central European Summer Time)	rendering home		{"path":"/home/pi/src/mcsw/public/template/layout/default.ejs"}
Wed Jun 01 2022 22:27:11 GMT+0200 (Central European Summer Time)	rendering home		{"path":"/home/pi/src/mcsw/public/template/layout/default.ejs"}
Wed Jun 01 2022 22:27:11 GMT+0200 (Central European Summer Time)	rendering home		{"path":"/home/pi/src/mcsw/public/template/layout/default.ejs"}
Wed Jun 01 2022 22:27:12 GMT+0200 (Central European Summer Time)	rendering home		{"path":"/home/pi/src/mcsw/public/template/layout/default.ejs"}
Wed Jun 01 2022 22:27:12 GMT+0200 (Central European Summer Time)	rendering home		{"path":"/home/pi/src/mcsw/public/template/layout/default.ejs"}
Wed Jun 01 2022 22:27:12 GMT+0200 (Central European Summer Time)	rendering home		{"path":"/home/pi/src/mcsw/public/template/layout/default.ejs"}
Wed Jun 01 2022 22:27:12 GMT+0200 (Central European Summer Time)	rendering home		{"path":"/home/pi/src/mcsw/public/template/layout/default.ejs"}
Wed Jun 01 2022 22:27:12 GMT+0200 (Central European Summer Time)	rendering home		{"path":"/home/pi/src/mcsw/public/template/layout/default.ejs"}
Wed Jun 01 2022 22:27:12 GMT+0200 (Central European Summer Time)	rendering home		{"path":"/home/pi/src/mcsw/public/template/layout/default.ejs"}
Wed Jun 01 2022 22:27:12 GMT+0200 (Central European Summer Time)	rendering home		{"path":"/home/pi/src/mcsw/public/template/layout/default.ejs"}
Wed Jun 01 2022 22:27:13 GMT+0200 (Central European Summer Time)	rendering home		{"path":"/home/pi/src/mcsw/public/template/layout/default.ejs"}
Wed Jun 01 2022 22:27:13 GMT+0200 (Central European Summer Time)	rendering home		{"path":"/home/pi/src/mcsw/public/template/layout/default.ejs"}
Wed Jun 01 2022 22:27:13 GMT+0200 (Central European Summer Time)	rendering home		{"path":"/home/pi/src/mcsw/public/template/layout/default.ejs"}
Wed Jun 01 2022 22:27:13 GMT+0200 (Central European Summer Time)	rendering home		{"path":"/home/pi/src/mcsw/public/template/layout/default.ejs"}
Wed Jun 01 2022 22:27:13 GMT+0200 (Central European Summer Time)	rendering home		{"path":"/home/pi/src/mcsw/public/template/layout/default.ejs"}
Wed Jun 01 2022 22:28:07 GMT+0200 (Central European Summer Time)	rendering home		{"path":"/home/pi/src/mcsw/public/template/layout/default.ejs"}
Wed Jun 01 2022 22:33:22 GMT+0200 (Central European Summer Time)	Server start		Application running on port 3002
Wed Jun 01 2022 22:33:50 GMT+0200 (Central European Summer Time)	Server start		Application running on port 3002
Wed Jun 01 2022 22:34:35 GMT+0200 (Central European Summer Time)	Server start		Application running on port 3002
Wed Jun 01 2022 22:35:13 GMT+0200 (Central European Summer Time)	Server start		Application running on port 3002
Wed Jun 01 2022 22:37:39 GMT+0200 (Central European Summer Time)	Server start		Application running on port 3002
Wed Jun 01 2022 22:42:42 GMT+0200 (Central European Summer Time)	rendering home		{"path":"/home/pi/src/mcsw/public/template/layout/default.ejs"}
Wed Jun 01 2022 22:42:59 GMT+0200 (Central European Summer Time)	rendering home		{"path":"/home/pi/src/mcsw/public/template/layout/default.ejs"}
Wed Jun 01 2022 22:43:00 GMT+0200 (Central European Summer Time)	rendering home		{"path":"/home/pi/src/mcsw/public/template/layout/default.ejs"}
Wed Jun 01 2022 22:44:11 GMT+0200 (Central European Summer Time)	rendering home		{"path":"/home/pi/src/mcsw/public/template/layout/default.ejs"}
Wed Jun 01 2022 22:44:12 GMT+0200 (Central European Summer Time)	rendering home		{"path":"/home/pi/src/mcsw/public/template/layout/default.ejs"}
Wed Jun 01 2022 22:47:53 GMT+0200 (Central European Summer Time)	Server start		Application running on port 3002
Wed Jun 01 2022 22:48:28 GMT+0200 (Central European Summer Time)	Server start		Application running on port 3002
Wed Jun 01 2022 22:50:44 GMT+0200 (Central European Summer Time)	Server start		Application running on port 3002
Wed Jun 01 2022 22:51:42 GMT+0200 (Central European Summer Time)	Server start		Application running on port 3002
Wed Jun 01 2022 22:52:28 GMT+0200 (Central European Summer Time)	Server start		Application running on port 3002
Wed Jun 01 2022 22:54:25 GMT+0200 (Central European Summer Time)	Server start		Application running on port 3002
Wed Jun 01 2022 22:54:41 GMT+0200 (Central European Summer Time)	Server start		Application running on port 3002
Wed Jun 01 2022 23:36:59 GMT+0200 (Central European Summer Time)	Server start		Application running on port 3002
Wed Jun 01 2022 23:48:09 GMT+0200 (Central European Summer Time)	Server start		Application running on port 3002
Thu Jun 02 2022 00:01:43 GMT+0200 (Central European Summer Time)	Server start		Application running on port 3002
Thu Jun 02 2022 00:08:25 GMT+0200 (Central European Summer Time)	System				null
Thu Jun 02 2022 00:08:25 GMT+0200 (Central European Summer Time)	System				[{"sid":"XLD1Jc8PPnXao9k2rHyRf8hClmn6sXdp","username":"hatrez","cookie":{"originalMaxAge":86400000,"expires":"2022-06-02T19:10:59.086Z","secure":true,"httpOnly":true,"path":"/","sameSite":"strict"},"create_date":1654110659092},{"sid":"74peu4xmxsOIv7qkWbD6_jzue5tcrqdM","username":"hatrez","cookie":{"originalMaxAge":86400000,"expires":"2022-06-02T20:00:01.173Z","secure":true,"httpOnly":true,"path":"/","sameSite":"strict"},"create_date":1654113601175},{"sid":"cAIYVQBuokzQeAQjemF1VsjA-bgnq1yp","username":"hatrez","cookie":{"originalMaxAge":86400000,"expires":"2022-06-02T20:35:15.563Z","secure":true,"httpOnly":true,"path":"/","sameSite":"strict"},"create_date":1654115715575}]
Thu Jun 02 2022 00:36:47 GMT+0200 (Central European Summer Time)	Server start		Application running on port 3002
Thu Jun 02 2022 00:38:49 GMT+0200 (Central European Summer Time)	Server start		Application running on port 3002
Thu Jun 02 2022 00:40:01 GMT+0200 (Central European Summer Time)	Server start		Application running on port 3002
Thu Jun 02 2022 00:43:49 GMT+0200 (Central European Summer Time)	Server start		Application running on port 3002
Thu Jun 02 2022 00:54:15 GMT+0200 (Central European Summer Time)	Server start		Application running on port 3002
Thu Jun 02 2022 00:58:19 GMT+0200 (Central European Summer Time)	Server start		Application running on port 3002
Thu Jun 02 2022 01:01:48 GMT+0200 (Central European Summer Time)	Server start		Application running on port 3002
Thu Jun 02 2022 01:18:48 GMT+0200 (Central European Summer Time)	System				null
Thu Jun 02 2022 01:18:48 GMT+0200 (Central European Summer Time)	System				[{"sid":"XLD1Jc8PPnXao9k2rHyRf8hClmn6sXdp","username":"hatrez","cookie":{"originalMaxAge":86400000,"expires":"2022-06-02T19:10:59.086Z","secure":true,"httpOnly":true,"path":"/","sameSite":"strict"},"create_date":1654110659092},{"sid":"74peu4xmxsOIv7qkWbD6_jzue5tcrqdM","username":"hatrez","cookie":{"originalMaxAge":86400000,"expires":"2022-06-02T20:00:01.173Z","secure":true,"httpOnly":true,"path":"/","sameSite":"strict"},"create_date":1654113601175},{"sid":"vKqi1jVVSCzUNEcD2k4YD-xOd-5H7L_l","username":"hatrez","cookie":{"originalMaxAge":86400000,"expires":"2022-06-02T22:16:14.263Z","secure":true,"httpOnly":true,"path":"/","sameSite":"strict"},"create_date":1654121774267}]
Thu Jun 02 2022 01:42:23 GMT+0200 (Central European Summer Time)	Server start		Application running on port 3002
Thu Jun 02 2022 01:44:40 GMT+0200 (Central European Summer Time)	rendering home		{"path":"/home/pi/src/mcsw/public/template/layout/default.ejs"}
Thu Jun 02 2022 01:46:04 GMT+0200 (Central European Summer Time)	rendering home		{"path":"/home/pi/src/mcsw/public/template/layout/default.ejs"}
Thu Jun 02 2022 01:46:05 GMT+0200 (Central European Summer Time)	rendering home		{"path":"/home/pi/src/mcsw/public/template/layout/default.ejs"}
Thu Jun 02 2022 02:02:41 GMT+0200 (Central European Summer Time)	rendering my-server	{"path":"/home/pi/src/mcsw/public/template/layout/default.ejs"}
Thu Jun 02 2022 02:03:22 GMT+0200 (Central European Summer Time)	rendering my-server	{"path":"/home/pi/src/mcsw/public/template/layout/default.ejs"}
Thu Jun 02 2022 02:03:56 GMT+0200 (Central European Summer Time)	rendering my-server	{"path":"/home/pi/src/mcsw/public/template/layout/default.ejs"}
Thu Jun 02 2022 02:04:33 GMT+0200 (Central European Summer Time)	rendering my-server	{"path":"/home/pi/src/mcsw/public/template/layout/default.ejs"}
Thu Jun 02 2022 02:04:58 GMT+0200 (Central European Summer Time)	rendering my-server	{"path":"/home/pi/src/mcsw/public/template/layout/default.ejs"}
Thu Jun 02 2022 02:05:23 GMT+0200 (Central European Summer Time)	Server start		Application running on port 3002
Thu Jun 02 2022 02:16:13 GMT+0200 (Central European Summer Time)	rendering my-server	{"path":"/home/pi/src/mcsw/public/template/layout/default.ejs"}
Thu Jun 02 2022 02:16:25 GMT+0200 (Central European Summer Time)	rendering my-server	{"path":"/home/pi/src/mcsw/public/template/layout/default.ejs"}
Thu Jun 02 2022 02:18:12 GMT+0200 (Central European Summer Time)	rendering my-server	{"path":"/home/pi/src/mcsw/public/template/layout/default.ejs"}
Thu Jun 02 2022 02:18:12 GMT+0200 (Central European Summer Time)	rendering my-server	{"path":"/home/pi/src/mcsw/public/template/layout/default.ejs"}
Thu Jun 02 2022 02:18:37 GMT+0200 (Central European Summer Time)	rendering my-server	{"path":"/home/pi/src/mcsw/public/template/layout/default.ejs"}
Thu Jun 02 2022 02:18:37 GMT+0200 (Central European Summer Time)	rendering my-server	{"path":"/home/pi/src/mcsw/public/template/layout/default.ejs"}
Thu Jun 02 2022 02:18:49 GMT+0200 (Central European Summer Time)	rendering my-server	{"path":"/home/pi/src/mcsw/public/template/layout/default.ejs"}
Thu Jun 02 2022 02:18:50 GMT+0200 (Central European Summer Time)	rendering my-server	{"path":"/home/pi/src/mcsw/public/template/layout/default.ejs"}
Thu Jun 02 2022 02:18:50 GMT+0200 (Central European Summer Time)	rendering my-server	{"path":"/home/pi/src/mcsw/public/template/layout/default.ejs"}
Thu Jun 02 2022 02:19:02 GMT+0200 (Central European Summer Time)	rendering my-server	{"path":"/home/pi/src/mcsw/public/template/layout/default.ejs"}
Thu Jun 02 2022 02:19:26 GMT+0200 (Central European Summer Time)	rendering my-server	{"path":"/home/pi/src/mcsw/public/template/layout/default.ejs"}
Thu Jun 02 2022 02:21:15 GMT+0200 (Central European Summer Time)	rendering my-server	{"path":"/home/pi/src/mcsw/public/template/layout/default.ejs"}
Thu Jun 02 2022 02:21:27 GMT+0200 (Central European Summer Time)	rendering my-server	{"path":"/home/pi/src/mcsw/public/template/layout/default.ejs"}
Thu Jun 02 2022 02:23:03 GMT+0200 (Central European Summer Time)	rendering my-server	{"path":"/home/pi/src/mcsw/public/template/layout/default.ejs"}
Thu Jun 02 2022 02:23:04 GMT+0200 (Central European Summer Time)	rendering my-server	{"path":"/home/pi/src/mcsw/public/template/layout/default.ejs"}
Thu Jun 02 2022 02:23:04 GMT+0200 (Central European Summer Time)	rendering my-server	{"path":"/home/pi/src/mcsw/public/template/layout/default.ejs"}
Thu Jun 02 2022 02:23:04 GMT+0200 (Central European Summer Time)	rendering my-server	{"path":"/home/pi/src/mcsw/public/template/layout/default.ejs"}
Thu Jun 02 2022 02:24:24 GMT+0200 (Central European Summer Time)	rendering my-server	{"path":"/home/pi/src/mcsw/public/template/layout/default.ejs"}
Thu Jun 02 2022 02:26:20 GMT+0200 (Central European Summer Time)	Server start		Application running on port 3002
Thu Jun 02 2022 02:26:20 GMT+0200 (Central European Summer Time)	rendering my-server	{"path":"/home/pi/src/mcsw/public/template/layout/default.ejs"}
Thu Jun 02 2022 02:40:26 GMT+0200 (Central European Summer Time)	System				null
Thu Jun 02 2022 02:40:26 GMT+0200 (Central European Summer Time)	System				[{"sid":"74peu4xmxsOIv7qkWbD6_jzue5tcrqdM","username":"hatrez","cookie":{"originalMaxAge":86400000,"expires":"2022-06-02T20:00:01.173Z","secure":true,"httpOnly":true,"path":"/","sameSite":"strict"},"create_date":1654113601175},{"sid":"vKqi1jVVSCzUNEcD2k4YD-xOd-5H7L_l","username":"hatrez","cookie":{"originalMaxAge":86400000,"expires":"2022-06-02T22:16:14.263Z","secure":true,"httpOnly":true,"path":"/","sameSite":"strict"},"create_date":1654121774267},{"sid":"yDfryAoiBNm2li2rhtu5a-vIhggWsl1v","username":"hatrez","cookie":{"originalMaxAge":86400000,"expires":"2022-06-02T23:19:04.915Z","secure":true,"httpOnly":true,"path":"/","sameSite":"strict"},"create_date":1654125544921}]
Thu Jun 02 2022 02:53:43 GMT+0200 (Central European Summer Time)	Server start		Application running on port 3002
Thu Jun 02 2022 02:54:22 GMT+0200 (Central European Summer Time)	Server start		Application running on port 3002
Thu Jun 02 2022 02:54:53 GMT+0200 (Central European Summer Time)	rendering my-server	{"path":"/home/pi/src/mcsw/public/template/layout/default.ejs"}
Thu Jun 02 2022 02:54:58 GMT+0200 (Central European Summer Time)	rendering my-server	{"path":"/home/pi/src/mcsw/public/template/layout/default.ejs"}
Thu Jun 02 2022 02:55:15 GMT+0200 (Central European Summer Time)	rendering my-server	{"path":"/home/pi/src/mcsw/public/template/layout/default.ejs"}
Thu Jun 02 2022 02:55:53 GMT+0200 (Central European Summer Time)	System				null
Thu Jun 02 2022 02:55:53 GMT+0200 (Central European Summer Time)	System				[{"sid":"74peu4xmxsOIv7qkWbD6_jzue5tcrqdM","username":"hatrez","cookie":{"originalMaxAge":86400000,"expires":"2022-06-02T20:00:01.173Z","secure":true,"httpOnly":true,"path":"/","sameSite":"strict"},"create_date":1654113601175},{"sid":"vKqi1jVVSCzUNEcD2k4YD-xOd-5H7L_l","username":"hatrez","cookie":{"originalMaxAge":86400000,"expires":"2022-06-02T22:16:14.263Z","secure":true,"httpOnly":true,"path":"/","sameSite":"strict"},"create_date":1654121774267},{"sid":"JoUMYOtQzz92J5i_N6sTBANFBrRnqcfu","username":"test","cookie":{"originalMaxAge":86400000,"expires":"2022-06-03T00:54:41.063Z","secure":true,"httpOnly":true,"path":"/","sameSite":"strict"},"create_date":1654131281068}]
Thu Jun 02 2022 02:59:28 GMT+0200 (Central European Summer Time)	Server start		Application running on port 3002
Thu Jun 02 2022 02:59:39 GMT+0200 (Central European Summer Time)	System				null
Thu Jun 02 2022 02:59:39 GMT+0200 (Central European Summer Time)	System				[{"sid":"74peu4xmxsOIv7qkWbD6_jzue5tcrqdM","username":"hatrez","cookie":{"originalMaxAge":86400000,"expires":"2022-06-02T20:00:01.173Z","secure":true,"httpOnly":true,"path":"/","sameSite":"strict"},"create_date":1654113601175},{"sid":"vKqi1jVVSCzUNEcD2k4YD-xOd-5H7L_l","username":"hatrez","cookie":{"originalMaxAge":86400000,"expires":"2022-06-02T22:16:14.263Z","secure":true,"httpOnly":true,"path":"/","sameSite":"strict"},"create_date":1654121774267},{"sid":"iJVRCVO372OOhQBFsClh1Ixk1isFeoWH","username":"hatrez","cookie":{"originalMaxAge":86400000,"expires":"2022-06-03T00:56:11.405Z","secure":true,"httpOnly":true,"path":"/","sameSite":"strict"},"create_date":1654131371407}]
Thu Jun 02 2022 03:02:19 GMT+0200 (Central European Summer Time)	System				null
Thu Jun 02 2022 03:02:19 GMT+0200 (Central European Summer Time)	System				[{"sid":"74peu4xmxsOIv7qkWbD6_jzue5tcrqdM","username":"hatrez","cookie":{"originalMaxAge":86400000,"expires":"2022-06-02T20:00:01.173Z","secure":true,"httpOnly":true,"path":"/","sameSite":"strict"},"create_date":1654113601175},{"sid":"vKqi1jVVSCzUNEcD2k4YD-xOd-5H7L_l","username":"hatrez","cookie":{"originalMaxAge":86400000,"expires":"2022-06-02T22:16:14.263Z","secure":true,"httpOnly":true,"path":"/","sameSite":"strict"},"create_date":1654121774267},{"sid":"LlNQdt-7ujLUO6MhAIpU7el8VroUMk5g","username":"test","cookie":{"originalMaxAge":86400000,"expires":"2022-06-03T00:59:52.266Z","secure":true,"httpOnly":true,"path":"/","sameSite":"strict"},"create_date":1654131592270}]
Thu Jun 02 2022 03:08:39 GMT+0200 (Central European Summer Time)	Server start		Application running on port 3002
Thu Jun 02 2022 03:14:13 GMT+0200 (Central European Summer Time)	System				null
Thu Jun 02 2022 03:14:13 GMT+0200 (Central European Summer Time)	System				[{"sid":"74peu4xmxsOIv7qkWbD6_jzue5tcrqdM","username":"hatrez","cookie":{"originalMaxAge":86400000,"expires":"2022-06-02T20:00:01.173Z","secure":true,"httpOnly":true,"path":"/","sameSite":"strict"},"create_date":1654113601175},{"sid":"vKqi1jVVSCzUNEcD2k4YD-xOd-5H7L_l","username":"hatrez","cookie":{"originalMaxAge":86400000,"expires":"2022-06-02T22:16:14.263Z","secure":true,"httpOnly":true,"path":"/","sameSite":"strict"},"create_date":1654121774267},{"sid":"5PbNX5I325uiDY_hT-DDzfBMCTDdUQt3","username":"hatrez","cookie":{"originalMaxAge":86400000,"expires":"2022-06-03T01:04:08.544Z","secure":true,"httpOnly":true,"path":"/","sameSite":"strict"},"create_date":1654131848546}]
Fri Jun 03 2022 00:23:40 GMT+0200 (Central European Summer Time)	rendering my-server	{"path":"/home/pi/src/mcsw/public/template/layout/default.ejs"}
Fri Jun 03 2022 00:23:47 GMT+0200 (Central European Summer Time)	rendering my-server	{"path":"/home/pi/src/mcsw/public/template/layout/default.ejs"}
Fri Jun 03 2022 01:06:22 GMT+0200 (Central European Summer Time)	Server start		Application running on port 3002
Fri Jun 03 2022 01:06:51 GMT+0200 (Central European Summer Time)	Server start		Application running on port 3002
Fri Jun 03 2022 01:07:05 GMT+0200 (Central European Summer Time)	Server start		Application running on port 3002
Fri Jun 03 2022 01:07:24 GMT+0200 (Central European Summer Time)	rendering invites	{"path":"/home/pi/src/mcsw/public/template/layout/default.ejs"}
Fri Jun 03 2022 01:07:54 GMT+0200 (Central European Summer Time)	rendering invites	{"path":"/home/pi/src/mcsw/public/template/layout/default.ejs"}
Fri Jun 03 2022 01:07:55 GMT+0200 (Central European Summer Time)	rendering invites	{"path":"/home/pi/src/mcsw/public/template/layout/default.ejs"}
Fri Jun 03 2022 01:07:55 GMT+0200 (Central European Summer Time)	rendering invites	{"path":"/home/pi/src/mcsw/public/template/layout/default.ejs"}
Fri Jun 03 2022 01:07:55 GMT+0200 (Central European Summer Time)	rendering invites	{"path":"/home/pi/src/mcsw/public/template/layout/default.ejs"}
Fri Jun 03 2022 01:08:01 GMT+0200 (Central European Summer Time)	rendering invites	{"path":"/home/pi/src/mcsw/public/template/layout/default.ejs"}
Fri Jun 03 2022 01:08:07 GMT+0200 (Central European Summer Time)	rendering invites	{"path":"/home/pi/src/mcsw/public/template/layout/default.ejs"}
Fri Jun 03 2022 01:23:18 GMT+0200 (Central European Summer Time)	Server start		Application running on port 3002
Fri Jun 03 2022 01:25:13 GMT+0200 (Central European Summer Time)	Server start		Application running on port 3002
Fri Jun 03 2022 01:27:30 GMT+0200 (Central European Summer Time)	Server start		Application running on port 3002
Fri Jun 03 2022 01:41:58 GMT+0200 (Central European Summer Time)	System				null
Fri Jun 03 2022 01:41:58 GMT+0200 (Central European Summer Time)	System				[{"sid":"74peu4xmxsOIv7qkWbD6_jzue5tcrqdM","username":"hatrez","cookie":{"originalMaxAge":86400000,"expires":"2022-06-02T20:00:01.173Z","secure":true,"httpOnly":true,"path":"/","sameSite":"strict"},"create_date":1654113601175},{"sid":"vKqi1jVVSCzUNEcD2k4YD-xOd-5H7L_l","username":"hatrez","cookie":{"originalMaxAge":86400000,"expires":"2022-06-02T22:16:14.263Z","secure":true,"httpOnly":true,"path":"/","sameSite":"strict"},"create_date":1654121774267},{"sid":"XmsN2EDrvL4-16DfQsFAoOyoy7a0QVsf","username":"hatrez","cookie":{"originalMaxAge":86400000,"expires":"2022-06-03T01:14:32.974Z","secure":true,"httpOnly":true,"path":"/","sameSite":"strict"},"create_date":1654132472977},{"sid":"JJy0eQOE9n3hnODa_p7BXz_RmVCzbbVb","username":"hatrez","cookie":{"originalMaxAge":86400000,"expires":"2022-06-03T21:54:29.442Z","secure":true,"httpOnly":true,"path":"/","sameSite":"strict"},"create_date":1654206869445}]
Fri Jun 03 2022 01:42:10 GMT+0200 (Central European Summer Time)	System				null
Fri Jun 03 2022 01:42:10 GMT+0200 (Central European Summer Time)	System				[{"sid":"74peu4xmxsOIv7qkWbD6_jzue5tcrqdM","username":"hatrez","cookie":{"originalMaxAge":86400000,"expires":"2022-06-02T20:00:01.173Z","secure":true,"httpOnly":true,"path":"/","sameSite":"strict"},"create_date":1654113601175},{"sid":"vKqi1jVVSCzUNEcD2k4YD-xOd-5H7L_l","username":"hatrez","cookie":{"originalMaxAge":86400000,"expires":"2022-06-02T22:16:14.263Z","secure":true,"httpOnly":true,"path":"/","sameSite":"strict"},"create_date":1654121774267},{"sid":"XmsN2EDrvL4-16DfQsFAoOyoy7a0QVsf","username":"hatrez","cookie":{"originalMaxAge":86400000,"expires":"2022-06-03T01:14:32.974Z","secure":true,"httpOnly":true,"path":"/","sameSite":"strict"},"create_date":1654132472977},{"sid":"32eS2-agJeWKE0GYfDiSVH7eDHnm3MD4","username":"hatrez","cookie":{"originalMaxAge":86400000,"expires":"2022-06-03T23:42:02.637Z","secure":true,"httpOnly":true,"path":"/","sameSite":"strict"},"create_date":1654213322641}]
Fri Jun 03 2022 02:02:00 GMT+0200 (Central European Summer Time)	System				null
Fri Jun 03 2022 02:02:00 GMT+0200 (Central European Summer Time)	System				[{"sid":"74peu4xmxsOIv7qkWbD6_jzue5tcrqdM","username":"hatrez","cookie":{"originalMaxAge":86400000,"expires":"2022-06-02T20:00:01.173Z","secure":true,"httpOnly":true,"path":"/","sameSite":"strict"},"create_date":1654113601175},{"sid":"vKqi1jVVSCzUNEcD2k4YD-xOd-5H7L_l","username":"hatrez","cookie":{"originalMaxAge":86400000,"expires":"2022-06-02T22:16:14.263Z","secure":true,"httpOnly":true,"path":"/","sameSite":"strict"},"create_date":1654121774267},{"sid":"XmsN2EDrvL4-16DfQsFAoOyoy7a0QVsf","username":"hatrez","cookie":{"originalMaxAge":86400000,"expires":"2022-06-03T01:14:32.974Z","secure":true,"httpOnly":true,"path":"/","sameSite":"strict"},"create_date":1654132472977},{"sid":"WEcwY-VAIyfIbaA-LlLVAoEK7XIQslvR","username":"hatrez","cookie":{"originalMaxAge":86400000,"expires":"2022-06-03T23:54:39.081Z","secure":true,"httpOnly":true,"path":"/","sameSite":"strict"},"create_date":1654214079083},{"sid":"jJqH81rRF7PquY0Gyw_gaoAKrRdhg1Rr","username":"hatrez","cookie":{"originalMaxAge":86400000,"expires":"2022-06-03T23:56:34.647Z","secure":true,"httpOnly":true,"path":"/","sameSite":"strict"},"create_date":1654214194653}]
Fri Jun 03 2022 02:05:48 GMT+0200 (Central European Summer Time)	Server start		Application running on port 3002
Fri Jun 03 2022 02:22:20 GMT+0200 (Central European Summer Time)	Server start		Application running on port 3002
Fri Jun 03 2022 02:27:51 GMT+0200 (Central European Summer Time)	Server start		Application running on port 3002
Fri Jun 03 2022 02:47:43 GMT+0200 (Central European Summer Time)	Server start		Application running on port 3002
Fri Jun 03 2022 02:51:59 GMT+0200 (Central European Summer Time)	Server start		Application running on port 3002
Fri Jun 03 2022 02:55:00 GMT+0200 (Central European Summer Time)	Server start		Application running on port 3002
Fri Jun 03 2022 02:55:56 GMT+0200 (Central European Summer Time)	Server start		Application running on port 3002
Fri Jun 03 2022 02:55:57 GMT+0200 (Central European Summer Time)	Delete Invitation	Invitation was removed
Fri Jun 03 2022 02:56:29 GMT+0200 (Central European Summer Time)	Delete Invitation	Invitation was removed
Tue Jun 28 2022 15:25:04 GMT+0200 (Central European Summer Time)	Server start		Application running on port 3002
Tue Jun 28 2022 15:25:58 GMT+0200 (Central European Summer Time)	rendering my-server	{"path":"/home/pi/src/mcsw/public/template/layout/default.ejs"}
Tue Jun 28 2022 15:26:05 GMT+0200 (Central European Summer Time)	rendering my-server	{"path":"/home/pi/src/mcsw/public/template/layout/default.ejs"}
Tue Jun 28 2022 15:27:50 GMT+0200 (Central European Summer Time)	rendering invites	{"path":"/home/pi/src/mcsw/public/template/layout/default.ejs"}
Tue Jun 28 2022 15:27:52 GMT+0200 (Central European Summer Time)	rendering invites	{"path":"/home/pi/src/mcsw/public/template/layout/default.ejs"}
Tue Jun 28 2022 15:27:59 GMT+0200 (Central European Summer Time)	rendering invites	{"path":"/home/pi/src/mcsw/public/template/layout/default.ejs"}
Tue Jun 28 2022 15:28:36 GMT+0200 (Central European Summer Time)	System				null
Tue Jun 28 2022 15:28:36 GMT+0200 (Central European Summer Time)	System				[{"sid":"74peu4xmxsOIv7qkWbD6_jzue5tcrqdM","username":"hatrez","cookie":{"originalMaxAge":86400000,"expires":"2022-06-02T20:00:01.173Z","secure":true,"httpOnly":true,"path":"/","sameSite":"strict"},"create_date":1654113601175},{"sid":"vKqi1jVVSCzUNEcD2k4YD-xOd-5H7L_l","username":"hatrez","cookie":{"originalMaxAge":86400000,"expires":"2022-06-02T22:16:14.263Z","secure":true,"httpOnly":true,"path":"/","sameSite":"strict"},"create_date":1654121774267},{"sid":"XmsN2EDrvL4-16DfQsFAoOyoy7a0QVsf","username":"hatrez","cookie":{"originalMaxAge":86400000,"expires":"2022-06-03T01:14:32.974Z","secure":true,"httpOnly":true,"path":"/","sameSite":"strict"},"create_date":1654132472977},{"sid":"WEcwY-VAIyfIbaA-LlLVAoEK7XIQslvR","username":"hatrez","cookie":{"originalMaxAge":86400000,"expires":"2022-06-03T23:54:39.081Z","secure":true,"httpOnly":true,"path":"/","sameSite":"strict"},"create_date":1654214079083},{"sid":"7ijvte71tFAGLVp_dIXdVcZ7MhUVt1bz","username":"hatrez","cookie":{"originalMaxAge":86400000,"expires":"2022-06-04T00:02:33.774Z","secure":true,"httpOnly":true,"path":"/","sameSite":"strict"},"create_date":1654214553775},{"sid":"vTHYBAxa0VIHxH1DkwRbkRU3tr05blKR","username":"hatrez","cookie":{"originalMaxAge":86400000,"expires":"2022-06-29T13:25:35.273Z","secure":true,"httpOnly":true,"path":"/","sameSite":"strict"},"create_date":1656422735291}]
Tue Jun 28 2022 15:29:45 GMT+0200 (Central European Summer Time)	rendering invites	{"path":"/home/pi/src/mcsw/public/template/layout/default.ejs"}
Tue Jun 28 2022 15:29:54 GMT+0200 (Central European Summer Time)	System				null
Tue Jun 28 2022 15:29:54 GMT+0200 (Central European Summer Time)	System				[{"sid":"74peu4xmxsOIv7qkWbD6_jzue5tcrqdM","username":"hatrez","cookie":{"originalMaxAge":86400000,"expires":"2022-06-02T20:00:01.173Z","secure":true,"httpOnly":true,"path":"/","sameSite":"strict"},"create_date":1654113601175},{"sid":"vKqi1jVVSCzUNEcD2k4YD-xOd-5H7L_l","username":"hatrez","cookie":{"originalMaxAge":86400000,"expires":"2022-06-02T22:16:14.263Z","secure":true,"httpOnly":true,"path":"/","sameSite":"strict"},"create_date":1654121774267},{"sid":"XmsN2EDrvL4-16DfQsFAoOyoy7a0QVsf","username":"hatrez","cookie":{"originalMaxAge":86400000,"expires":"2022-06-03T01:14:32.974Z","secure":true,"httpOnly":true,"path":"/","sameSite":"strict"},"create_date":1654132472977},{"sid":"WEcwY-VAIyfIbaA-LlLVAoEK7XIQslvR","username":"hatrez","cookie":{"originalMaxAge":86400000,"expires":"2022-06-03T23:54:39.081Z","secure":true,"httpOnly":true,"path":"/","sameSite":"strict"},"create_date":1654214079083},{"sid":"7ijvte71tFAGLVp_dIXdVcZ7MhUVt1bz","username":"hatrez","cookie":{"originalMaxAge":86400000,"expires":"2022-06-04T00:02:33.774Z","secure":true,"httpOnly":true,"path":"/","sameSite":"strict"},"create_date":1654214553775},{"sid":"7ie-9m0Ek3KcWvmtefAfn-Gwm_rZJyDJ","username":"hatrez","cookie":{"originalMaxAge":86400000,"expires":"2022-06-29T13:29:05.952Z","secure":true,"httpOnly":true,"path":"/","sameSite":"strict"},"create_date":1656422945954}]
Thu Jun 30 2022 00:52:47 GMT+0200 (Central European Summer Time)	Server start		Application running on port 3002
Thu Jun 30 2022 21:58:20 GMT+0200 (Central European Summer Time)	rendering invites	{"path":"/home/pi/src/mcsw/public/template/layout/default.ejs"}
Mon Jul 11 2022 16:07:52 GMT+0200 (Central European Summer Time)	Server start		Application running on port 3002
Thu Jul 28 2022 11:56:40 GMT+0200 (Central European Summer Time)	Server start		Application running on port 3002
Mon Aug 08 2022 23:28:05 GMT+0200 (Central European Summer Time)	Server start		Application running on port 3002
Tue Sep 06 2022 11:21:50 GMT+0200 (Central European Summer Time)	Server start		Application running on port 3002
Thu Oct 20 2022 20:25:36 GMT+0200 (Central European Summer Time)	Server start		Application running on port 3002
Thu Oct 20 2022 20:26:04 GMT+0200 (Central European Summer Time)	rendering my-server	{"path":"/home/pi/src/mcsw/public/template/layout/default.ejs"}
Thu Oct 20 2022 20:26:45 GMT+0200 (Central European Summer Time)	rendering invites	{"path":"/home/pi/src/mcsw/public/template/layout/default.ejs"}
Fri Nov 04 2022 18:59:25 GMT+0100 (Central European Standard Time)	rendering invites	{"path":"/home/pi/src/mcsw/public/template/layout/default.ejs"}
Fri Nov 04 2022 18:59:27 GMT+0100 (Central European Standard Time)	rendering invites	{"path":"/home/pi/src/mcsw/public/template/layout/default.ejs"}
Sat Nov 05 2022 14:28:30 GMT+0100 (Central European Standard Time)	Server start		Application running on port 3002
Sun Nov 20 2022 14:10:32 GMT+0100 (Central European Standard Time)	Server start		Application running on port 3002
Mon Nov 21 2022 20:29:49 GMT+0100 (Central European Standard Time)	Server start		Application running on port 3002
Wed Nov 23 2022 18:25:56 GMT+0100 (Central European Standard Time)	Server start		Application running on port 3002
Sat Dec 10 2022 03:16:13 GMT+0100 (Central European Standard Time)	rendering invites	{"path":"/home/pi/src/mcsw/public/template/layout/default.ejs"}
Sat Dec 10 2022 03:16:56 GMT+0100 (Central European Standard Time)	rendering invites	{"path":"/home/pi/src/mcsw/public/template/layout/default.ejs"}
Sun Dec 11 2022 02:57:48 GMT+0100 (Central European Standard Time)	Server start		Application running on port 3002
Wed Dec 14 2022 01:00:48 GMT+0100 (Central European Standard Time)	rendering invites	{"path":"/home/pi/src/mcsw/public/template/layout/default.ejs"}
Wed Dec 14 2022 23:11:55 GMT+0100 (Central European Standard Time)	rendering invites	{"path":"/home/pi/src/mcsw/public/template/layout/default.ejs"}
Sun Dec 18 2022 01:55:37 GMT+0100 (Central European Standard Time)	Server start		Application running on port 3002
Tue Dec 27 2022 04:56:50 GMT+0100 (Mitteleuropische Normalzeit)	Server start		Application running on port 3002
Wed Jan 04 2023 03:35:54 GMT+0100 (Mitteleuropische Normalzeit)	Server start		Application running on port 3002
Wed Jan 04 2023 03:40:42 GMT+0100 (Mitteleuropische Normalzeit)	Server start		Application running on port 3002
Wed Jan 04 2023 03:41:11 GMT+0100 (Mitteleuropische Normalzeit)	Server start		Application running on port 3002
Wed Jan 04 2023 04:06:00 GMT+0100 (Mitteleuropische Normalzeit)	Server start		Application running on port 3002
Wed Jan 04 2023 04:11:04 GMT+0100 (Mitteleuropische Normalzeit)	Server start		Application running on port 3002
Wed Jan 04 2023 04:12:14 GMT+0100 (Mitteleuropische Normalzeit)	Server start		Application running on port 3002
Wed Jan 04 2023 04:12:49 GMT+0100 (Mitteleuropische Normalzeit)	rendering my-server	{"path":"/Users/mert/Desktop/mcsw/public/template/layout/default.ejs"}
Wed Jan 04 2023 04:12:51 GMT+0100 (Mitteleuropische Normalzeit)	rendering my-server	{"path":"/Users/mert/Desktop/mcsw/public/template/layout/default.ejs"}
Wed Jan 04 2023 04:33:53 GMT+0100 (Mitteleuropische Normalzeit)	rendering my-server	{"path":"/Users/mert/Desktop/mcsw/public/template/layout/default.ejs"}
Wed Jan 04 2023 04:33:57 GMT+0100 (Mitteleuropische Normalzeit)	rendering my-server	{"path":"/Users/mert/Desktop/mcsw/public/template/layout/default.ejs"}
Wed Jan 04 2023 04:43:22 GMT+0100 (Mitteleuropische Normalzeit)	Server start		Application running on port 3002
Wed Jan 04 2023 04:48:43 GMT+0100 (Mitteleuropische Normalzeit)	Server start		Application running on port 3002
Wed Jan 04 2023 04:48:45 GMT+0100 (Mitteleuropische Normalzeit)	rendering my-server	{"path":"/Users/mert/Desktop/mcsw/public/template/layout/default.ejs"}
Wed Jan 04 2023 04:55:52 GMT+0100 (Mitteleuropische Normalzeit)	Server start		Application running on port 3002
Wed Jan 04 2023 04:59:54 GMT+0100 (Mitteleuropische Normalzeit)	Server start		Application running on port 3002
Wed Jan 04 2023 05:01:25 GMT+0100 (Mitteleuropische Normalzeit)	Server start		Application running on port 3002
